<?xml version="1.0" encoding="UTF-8"?>
<testsuite name="pers.james.practice.akka.EchoActorTest" tests="1" skipped="0" failures="0" errors="0" timestamp="2020-01-17T03:28:53" hostname="zhanhaos-MacBook-Pro.local" time="0.304">
  <properties/>
  <testcase name="createReceive" classname="pers.james.practice.akka.EchoActorTest" time="0.304"/>
  <system-out><![CDATA[11:28:53.546 [sys-akka.actor.default-dispatcher-5] INFO pers.james.practice.akka.ToFindRemoteActor - ToFindRemoteActor is starting
[WARN] [01/17/2020 11:28:53.665] [Test worker] [akka.remote.RemoteActorRefProvider] Using the 'remote' ActorRefProvider directly, which is a low-level layer. For most use cases, the 'cluster' abstraction on top of remoting is more suitable instead.
[INFO] [01/17/2020 11:28:53.790] [Test worker] [akka.remote.artery.tcp.ArteryTcpTransport(akka://app)] Remoting started with transport [Artery tcp]; listening on address [akka://app@192.168.10.21:25520] with UID [-6327220651128277674]
]]></system-out>
  <system-err><![CDATA[]]></system-err>
</testsuite>
