<?xml version="1.0" encoding="UTF-8"?>
<testsuite name="pers.james.practice.akka.ToFindRemoteActorTest" tests="1" skipped="0" failures="0" errors="0" timestamp="2020-01-17T03:28:52" hostname="zhanhaos-MacBook-Pro.local" time="0.84">
  <properties/>
  <testcase name="test" classname="pers.james.practice.akka.ToFindRemoteActorTest" time="0.84"/>
  <system-out><![CDATA[]]></system-out>
  <system-err><![CDATA[]]></system-err>
</testsuite>
